<?xml version="1.0" encoding="UTF-8"?>
<testng-results ignored="0" total="1" passed="1" failed="0" skipped="0">
  <reporter-output>
  </reporter-output>
  <suite started-at="2023-10-06T12:28:41 IST" name="Default suite" finished-at="2023-10-06T12:28:42 IST" duration-ms="47">
    <groups>
    </groups>
    <test started-at="2023-10-06T12:28:41 IST" name="Default test" finished-at="2023-10-06T12:28:42 IST" duration-ms="47">
      <class name="Tutorail.Veereshacademy">
        <test-method signature="Postinsta()[pri:0, instance:Tutorail.Veereshacademy@12e61fe6]" started-at="2023-10-06T12:28:42 IST" name="Postinsta" finished-at="2023-10-06T12:28:42 IST" duration-ms="10" status="PASS">
          <reporter-output>
          </reporter-output>
        </test-method> <!-- Postinsta -->
      </class> <!-- Tutorail.Veereshacademy -->
    </test> <!-- Default test -->
  </suite> <!-- Default suite -->
</testng-results>
